
*** Running vivado
    with args -log system_ropuf_0_0.vds -m64 -product Vivado -mode batch -messageDb vivado.pb -notrace -source system_ropuf_0_0.tcl



****** Vivado v2020.2 (64-bit)
  **** SW Build 3064766 on Wed Nov 18 09:12:45 MST 2020
  **** IP Build 3064653 on Wed Nov 18 14:17:31 MST 2020
    ** Copyright 1986-2020 Xilinx, Inc. All Rights Reserved.

source system_ropuf_0_0.tcl -notrace
Command: synth_design -top system_ropuf_0_0 -part xc7a12tcpg238-1 -mode out_of_context
Starting synth_design
WARNING: [IP_Flow 19-3571] IP 'system_ropuf_0_0' is restricted:
* Module reference is stale and needs refreshing.
Attempting to get a license for feature 'Synthesis' and/or device 'xc7a12t'
INFO: [Common 17-349] Got license for feature 'Synthesis' and/or device 'xc7a12t'
INFO: [Device 21-403] Loading part xc7a12tcpg238-1
INFO: [Synth 8-7079] Multithreading enabled for synth_design using a maximum of 2 processes.
INFO: [Synth 8-7078] Launching helper process for spawning children vivado processes
INFO: [Synth 8-7075] Helper process launched with PID 20560
---------------------------------------------------------------------------------
Starting RTL Elaboration : Time (s): cpu = 00:00:09 ; elapsed = 00:00:09 . Memory (MB): peak = 1016.781 ; gain = 0.000
---------------------------------------------------------------------------------
INFO: [Synth 8-638] synthesizing module 'system_ropuf_0_0' [c:/Users/asus/Desktop/Studies/ropuf/ROPUF_2.0/ROPUF_2.0.gen/sources_1/bd/system/ip/system_ropuf_0_0/synth/system_ropuf_0_0.vhd:65]
INFO: [Synth 8-3491] module 'ropuf' declared at 'C:/Users/asus/Desktop/Studies/ropuf/ROPUF_2.0/ROPUF_2.0.srcs/sources_1/new/ropuf.vhd:27' bound to instance 'U0' of component 'ropuf' [c:/Users/asus/Desktop/Studies/ropuf/ROPUF_2.0/ROPUF_2.0.gen/sources_1/bd/system/ip/system_ropuf_0_0/synth/system_ropuf_0_0.vhd:89]
INFO: [Synth 8-638] synthesizing module 'ropuf' [C:/Users/asus/Desktop/Studies/ropuf/ROPUF_2.0/ROPUF_2.0.srcs/sources_1/new/ropuf.vhd:34]
INFO: [Synth 8-3491] module 'ring_oscillator' declared at 'C:/Users/asus/Desktop/Studies/ropuf/ROPUF_2.0/ROPUF_2.0.srcs/sources_1/new/ring_oscillator.vhd:27' bound to instance 'ro1' of component 'ring_oscillator' [C:/Users/asus/Desktop/Studies/ropuf/ROPUF_2.0/ROPUF_2.0.srcs/sources_1/new/ropuf.vhd:76]
INFO: [Synth 8-638] synthesizing module 'ring_oscillator' [C:/Users/asus/Desktop/Studies/ropuf/ROPUF_2.0/ROPUF_2.0.srcs/sources_1/new/ring_oscillator.vhd:32]
INFO: [Synth 8-638] synthesizing module 'delay_line' [C:/Users/asus/Desktop/Studies/ropuf/ROPUF_2.0/ROPUF_2.0.srcs/sources_1/new/delay_line.vhd:33]
INFO: [Synth 8-3491] module 'And_gate' declared at 'C:/Users/asus/Desktop/Studies/ropuf/ROPUF_2.0/ROPUF_2.0.srcs/sources_1/new/And_gate.vhd:24' bound to instance 'andg' of component 'And_gate' [C:/Users/asus/Desktop/Studies/ropuf/ROPUF_2.0/ROPUF_2.0.srcs/sources_1/new/delay_line.vhd:48]
INFO: [Synth 8-638] synthesizing module 'And_gate' [C:/Users/asus/Desktop/Studies/ropuf/ROPUF_2.0/ROPUF_2.0.srcs/sources_1/new/And_gate.vhd:30]
INFO: [Synth 8-256] done synthesizing module 'And_gate' (1#1) [C:/Users/asus/Desktop/Studies/ropuf/ROPUF_2.0/ROPUF_2.0.srcs/sources_1/new/And_gate.vhd:30]
INFO: [Synth 8-638] synthesizing module 'Inv_gate' [C:/Users/asus/Desktop/Studies/ropuf/ROPUF_2.0/ROPUF_2.0.srcs/sources_1/new/Inv_gate.vhd:30]
INFO: [Synth 8-256] done synthesizing module 'Inv_gate' (2#1) [C:/Users/asus/Desktop/Studies/ropuf/ROPUF_2.0/ROPUF_2.0.srcs/sources_1/new/Inv_gate.vhd:30]
INFO: [Synth 8-256] done synthesizing module 'delay_line' (3#1) [C:/Users/asus/Desktop/Studies/ropuf/ROPUF_2.0/ROPUF_2.0.srcs/sources_1/new/delay_line.vhd:33]
INFO: [Synth 8-256] done synthesizing module 'ring_oscillator' (4#1) [C:/Users/asus/Desktop/Studies/ropuf/ROPUF_2.0/ROPUF_2.0.srcs/sources_1/new/ring_oscillator.vhd:32]
INFO: [Synth 8-3491] module 'multiplexer' declared at 'C:/Users/asus/Desktop/Studies/ropuf/ROPUF_2.0/ROPUF_2.0.srcs/sources_1/new/multiplexer.vhd:25' bound to instance 'mux1' of component 'multiplexer' [C:/Users/asus/Desktop/Studies/ropuf/ROPUF_2.0/ROPUF_2.0.srcs/sources_1/new/ropuf.vhd:79]
INFO: [Synth 8-638] synthesizing module 'multiplexer' [C:/Users/asus/Desktop/Studies/ropuf/ROPUF_2.0/ROPUF_2.0.srcs/sources_1/new/multiplexer.vhd:31]
INFO: [Synth 8-256] done synthesizing module 'multiplexer' (5#1) [C:/Users/asus/Desktop/Studies/ropuf/ROPUF_2.0/ROPUF_2.0.srcs/sources_1/new/multiplexer.vhd:31]
INFO: [Synth 8-3491] module 'counter' declared at 'C:/Users/asus/Desktop/Studies/ropuf/ROPUF_2.0/ROPUF_2.0.srcs/sources_1/new/counter.vhd:34' bound to instance 'c1' of component 'counter' [C:/Users/asus/Desktop/Studies/ropuf/ROPUF_2.0/ROPUF_2.0.srcs/sources_1/new/ropuf.vhd:82]
INFO: [Synth 8-638] synthesizing module 'counter' [C:/Users/asus/Desktop/Studies/ropuf/ROPUF_2.0/ROPUF_2.0.srcs/sources_1/new/counter.vhd:40]
WARNING: [Synth 8-614] signal 'count' is read in the process but is not in the sensitivity list [C:/Users/asus/Desktop/Studies/ropuf/ROPUF_2.0/ROPUF_2.0.srcs/sources_1/new/counter.vhd:43]
INFO: [Synth 8-256] done synthesizing module 'counter' (6#1) [C:/Users/asus/Desktop/Studies/ropuf/ROPUF_2.0/ROPUF_2.0.srcs/sources_1/new/counter.vhd:40]
INFO: [Synth 8-3491] module 'ring_oscillator' declared at 'C:/Users/asus/Desktop/Studies/ropuf/ROPUF_2.0/ROPUF_2.0.srcs/sources_1/new/ring_oscillator.vhd:27' bound to instance 'ro2' of component 'ring_oscillator' [C:/Users/asus/Desktop/Studies/ropuf/ROPUF_2.0/ROPUF_2.0.srcs/sources_1/new/ropuf.vhd:86]
INFO: [Synth 8-3491] module 'multiplexer' declared at 'C:/Users/asus/Desktop/Studies/ropuf/ROPUF_2.0/ROPUF_2.0.srcs/sources_1/new/multiplexer.vhd:25' bound to instance 'mux2' of component 'multiplexer' [C:/Users/asus/Desktop/Studies/ropuf/ROPUF_2.0/ROPUF_2.0.srcs/sources_1/new/ropuf.vhd:89]
INFO: [Synth 8-3491] module 'counter' declared at 'C:/Users/asus/Desktop/Studies/ropuf/ROPUF_2.0/ROPUF_2.0.srcs/sources_1/new/counter.vhd:34' bound to instance 'c2' of component 'counter' [C:/Users/asus/Desktop/Studies/ropuf/ROPUF_2.0/ROPUF_2.0.srcs/sources_1/new/ropuf.vhd:92]
INFO: [Synth 8-3491] module 'comparator' declared at 'C:/Users/asus/Desktop/Studies/ropuf/ROPUF_2.0/ROPUF_2.0.srcs/sources_1/new/comparator.vhd:34' bound to instance 'comp' of component 'comparator' [C:/Users/asus/Desktop/Studies/ropuf/ROPUF_2.0/ROPUF_2.0.srcs/sources_1/new/ropuf.vhd:96]
INFO: [Synth 8-638] synthesizing module 'comparator' [C:/Users/asus/Desktop/Studies/ropuf/ROPUF_2.0/ROPUF_2.0.srcs/sources_1/new/comparator.vhd:41]
INFO: [Synth 8-256] done synthesizing module 'comparator' (7#1) [C:/Users/asus/Desktop/Studies/ropuf/ROPUF_2.0/ROPUF_2.0.srcs/sources_1/new/comparator.vhd:41]
INFO: [Synth 8-256] done synthesizing module 'ropuf' (8#1) [C:/Users/asus/Desktop/Studies/ropuf/ROPUF_2.0/ROPUF_2.0.srcs/sources_1/new/ropuf.vhd:34]
INFO: [Synth 8-256] done synthesizing module 'system_ropuf_0_0' (9#1) [c:/Users/asus/Desktop/Studies/ropuf/ROPUF_2.0/ROPUF_2.0.gen/sources_1/bd/system/ip/system_ropuf_0_0/synth/system_ropuf_0_0.vhd:65]
---------------------------------------------------------------------------------
Finished RTL Elaboration : Time (s): cpu = 00:00:10 ; elapsed = 00:00:12 . Memory (MB): peak = 1016.781 ; gain = 0.000
---------------------------------------------------------------------------------
---------------------------------------------------------------------------------
Start Handling Custom Attributes
---------------------------------------------------------------------------------
---------------------------------------------------------------------------------
Finished Handling Custom Attributes : Time (s): cpu = 00:00:11 ; elapsed = 00:00:12 . Memory (MB): peak = 1016.781 ; gain = 0.000
---------------------------------------------------------------------------------
---------------------------------------------------------------------------------
Finished RTL Optimization Phase 1 : Time (s): cpu = 00:00:11 ; elapsed = 00:00:12 . Memory (MB): peak = 1016.781 ; gain = 0.000
---------------------------------------------------------------------------------
Netlist sorting complete. Time (s): cpu = 00:00:00 ; elapsed = 00:00:00.002 . Memory (MB): peak = 1016.781 ; gain = 0.000
INFO: [Project 1-570] Preparing netlist for logic optimization

Processing XDC Constraints
Initializing timing engine
Completed Processing XDC Constraints

Netlist sorting complete. Time (s): cpu = 00:00:00 ; elapsed = 00:00:00 . Memory (MB): peak = 1016.781 ; gain = 0.000
INFO: [Project 1-111] Unisim Transformation Summary:
No Unisim elements were transformed.

Constraint Validation Runtime : Time (s): cpu = 00:00:00 ; elapsed = 00:00:00.029 . Memory (MB): peak = 1016.781 ; gain = 0.000
---------------------------------------------------------------------------------
Finished Constraint Validation : Time (s): cpu = 00:00:21 ; elapsed = 00:00:23 . Memory (MB): peak = 1016.781 ; gain = 0.000
---------------------------------------------------------------------------------
---------------------------------------------------------------------------------
Start Loading Part and Timing Information
---------------------------------------------------------------------------------
Loading part: xc7a12tcpg238-1
---------------------------------------------------------------------------------
Finished Loading Part and Timing Information : Time (s): cpu = 00:00:21 ; elapsed = 00:00:23 . Memory (MB): peak = 1016.781 ; gain = 0.000
---------------------------------------------------------------------------------
---------------------------------------------------------------------------------
Start Applying 'set_property' XDC Constraints
---------------------------------------------------------------------------------
---------------------------------------------------------------------------------
Finished applying 'set_property' XDC Constraints : Time (s): cpu = 00:00:21 ; elapsed = 00:00:23 . Memory (MB): peak = 1016.781 ; gain = 0.000
---------------------------------------------------------------------------------
---------------------------------------------------------------------------------
Finished RTL Optimization Phase 2 : Time (s): cpu = 00:00:22 ; elapsed = 00:00:23 . Memory (MB): peak = 1016.781 ; gain = 0.000
---------------------------------------------------------------------------------
---------------------------------------------------------------------------------
Start RTL Component Statistics 
---------------------------------------------------------------------------------
Detailed RTL Component Info : 
+---Adders : 
	   2 Input    8 Bit       Adders := 2     
+---Registers : 
	                8 Bit    Registers := 2     
+---Muxes : 
	   4 Input    1 Bit        Muxes := 2     
---------------------------------------------------------------------------------
Finished RTL Component Statistics 
---------------------------------------------------------------------------------
---------------------------------------------------------------------------------
Start Part Resource Summary
---------------------------------------------------------------------------------
Part Resources:
DSPs: 40 (col length:40)
BRAMs: 40 (col length: RAMB18 40 RAMB36 20)
---------------------------------------------------------------------------------
Finished Part Resource Summary
---------------------------------------------------------------------------------
---------------------------------------------------------------------------------
Start Cross Boundary and Area Optimization
---------------------------------------------------------------------------------
---------------------------------------------------------------------------------
Finished Cross Boundary and Area Optimization : Time (s): cpu = 00:00:24 ; elapsed = 00:00:26 . Memory (MB): peak = 1016.781 ; gain = 0.000
---------------------------------------------------------------------------------
---------------------------------------------------------------------------------
Start Applying XDC Timing Constraints
---------------------------------------------------------------------------------
---------------------------------------------------------------------------------
Finished Applying XDC Timing Constraints : Time (s): cpu = 00:00:33 ; elapsed = 00:00:35 . Memory (MB): peak = 1017.875 ; gain = 1.094
---------------------------------------------------------------------------------
---------------------------------------------------------------------------------
Start Timing Optimization
---------------------------------------------------------------------------------
---------------------------------------------------------------------------------
Finished Timing Optimization : Time (s): cpu = 00:00:33 ; elapsed = 00:00:35 . Memory (MB): peak = 1017.949 ; gain = 1.168
---------------------------------------------------------------------------------
---------------------------------------------------------------------------------
Start Technology Mapping
---------------------------------------------------------------------------------
---------------------------------------------------------------------------------
Finished Technology Mapping : Time (s): cpu = 00:00:33 ; elapsed = 00:00:36 . Memory (MB): peak = 1037.012 ; gain = 20.230
---------------------------------------------------------------------------------
---------------------------------------------------------------------------------
Start IO Insertion
---------------------------------------------------------------------------------
---------------------------------------------------------------------------------
Start Flattening Before IO Insertion
---------------------------------------------------------------------------------
---------------------------------------------------------------------------------
Finished Flattening Before IO Insertion
---------------------------------------------------------------------------------
---------------------------------------------------------------------------------
Start Final Netlist Cleanup
---------------------------------------------------------------------------------
---------------------------------------------------------------------------------
Finished Final Netlist Cleanup
---------------------------------------------------------------------------------
---------------------------------------------------------------------------------
Finished IO Insertion : Time (s): cpu = 00:00:40 ; elapsed = 00:00:42 . Memory (MB): peak = 1041.750 ; gain = 24.969
---------------------------------------------------------------------------------
---------------------------------------------------------------------------------
Start Renaming Generated Instances
---------------------------------------------------------------------------------
---------------------------------------------------------------------------------
Finished Renaming Generated Instances : Time (s): cpu = 00:00:40 ; elapsed = 00:00:42 . Memory (MB): peak = 1041.750 ; gain = 24.969
---------------------------------------------------------------------------------
---------------------------------------------------------------------------------
Start Rebuilding User Hierarchy
---------------------------------------------------------------------------------
---------------------------------------------------------------------------------
Finished Rebuilding User Hierarchy : Time (s): cpu = 00:00:40 ; elapsed = 00:00:42 . Memory (MB): peak = 1041.750 ; gain = 24.969
---------------------------------------------------------------------------------
---------------------------------------------------------------------------------
Start Renaming Generated Ports
---------------------------------------------------------------------------------
---------------------------------------------------------------------------------
Finished Renaming Generated Ports : Time (s): cpu = 00:00:40 ; elapsed = 00:00:42 . Memory (MB): peak = 1041.750 ; gain = 24.969
---------------------------------------------------------------------------------
---------------------------------------------------------------------------------
Start Handling Custom Attributes
---------------------------------------------------------------------------------
---------------------------------------------------------------------------------
Finished Handling Custom Attributes : Time (s): cpu = 00:00:40 ; elapsed = 00:00:42 . Memory (MB): peak = 1041.750 ; gain = 24.969
---------------------------------------------------------------------------------
---------------------------------------------------------------------------------
Start Renaming Generated Nets
---------------------------------------------------------------------------------
---------------------------------------------------------------------------------
Finished Renaming Generated Nets : Time (s): cpu = 00:00:40 ; elapsed = 00:00:42 . Memory (MB): peak = 1041.750 ; gain = 24.969
---------------------------------------------------------------------------------
---------------------------------------------------------------------------------
Start Writing Synthesis Report
---------------------------------------------------------------------------------

Report BlackBoxes: 
+-+--------------+----------+
| |BlackBox name |Instances |
+-+--------------+----------+
+-+--------------+----------+

Report Cell Usage: 
+------+-------+------+
|      |Cell   |Count |
+------+-------+------+
|1     |CARRY4 |     1|
|2     |LUT1   |    26|
|3     |LUT2   |    13|
|4     |LUT3   |     4|
|5     |LUT4   |    10|
|6     |LUT5   |     2|
|7     |LUT6   |     6|
|8     |FDCE   |    16|
+------+-------+------+
---------------------------------------------------------------------------------
Finished Writing Synthesis Report : Time (s): cpu = 00:00:40 ; elapsed = 00:00:42 . Memory (MB): peak = 1041.750 ; gain = 24.969
---------------------------------------------------------------------------------
Synthesis finished with 0 errors, 0 critical warnings and 0 warnings.
Synthesis Optimization Runtime : Time (s): cpu = 00:00:26 ; elapsed = 00:00:39 . Memory (MB): peak = 1041.750 ; gain = 24.969
Synthesis Optimization Complete : Time (s): cpu = 00:00:40 ; elapsed = 00:00:42 . Memory (MB): peak = 1041.750 ; gain = 24.969
INFO: [Project 1-571] Translating synthesized netlist
Netlist sorting complete. Time (s): cpu = 00:00:00 ; elapsed = 00:00:00 . Memory (MB): peak = 1053.770 ; gain = 0.000
INFO: [Netlist 29-17] Analyzing 1 Unisim elements for replacement
INFO: [Netlist 29-28] Unisim Transformation completed in 0 CPU seconds
INFO: [Project 1-570] Preparing netlist for logic optimization
INFO: [Opt 31-138] Pushed 0 inverter(s) to 0 load pin(s).
Netlist sorting complete. Time (s): cpu = 00:00:00 ; elapsed = 00:00:00 . Memory (MB): peak = 1057.648 ; gain = 0.000
INFO: [Project 1-111] Unisim Transformation Summary:
No Unisim elements were transformed.

INFO: [Common 17-83] Releasing license: Synthesis
41 Infos, 2 Warnings, 0 Critical Warnings and 0 Errors encountered.
synth_design completed successfully
synth_design: Time (s): cpu = 00:00:51 ; elapsed = 00:00:55 . Memory (MB): peak = 1057.648 ; gain = 40.867
INFO: [Common 17-1381] The checkpoint 'C:/Users/asus/Desktop/Studies/ropuf/ROPUF_2.0/ROPUF_2.0.runs/system_ropuf_0_0_synth_1/system_ropuf_0_0.dcp' has been generated.
WARNING: [Common 17-576] 'use_project_ipc' is deprecated. This option is deprecated and no longer used.
INFO: [Coretcl 2-1174] Renamed 16 cell refs.
INFO: [Common 17-1381] The checkpoint 'C:/Users/asus/Desktop/Studies/ropuf/ROPUF_2.0/ROPUF_2.0.runs/system_ropuf_0_0_synth_1/system_ropuf_0_0.dcp' has been generated.
INFO: [runtcl-4] Executing : report_utilization -file system_ropuf_0_0_utilization_synth.rpt -pb system_ropuf_0_0_utilization_synth.pb
INFO: [Common 17-206] Exiting Vivado at Wed Dec  1 18:35:52 2021...
